<?xml version="1.0" encoding="UTF-8"?>
<!-- Generated by org.testng.reporters.JUnitXMLReporter -->
<testsuite hostname="khosruzs-MBP.lan" ignored="0" name="Regression Test Suit" tests="3" failures="0" timestamp="2022-04-09T03:39:34 EDT" time="34.161" errors="0">
  <testcase name="currentUserNameTest" time="5.058" classname="com.Test.LoginPageTest"/>
  <testcase name="loginTest" time="0.738" classname="com.Test.LoginPageTest"/>
  <testcase name="pageTitleTest" time="0.032" classname="com.Test.LoginPageTest"/>
</testsuite> <!-- Regression Test Suit -->
