<?xml version="1.0" encoding="UTF-8"?>
<!-- Generated by org.testng.reporters.JUnitXMLReporter -->
<testsuite hostname="khosruzs-MBP.lan" ignored="0" name="Test" tests="3" failures="0" timestamp="2022-04-09T02:39:21 EDT" time="36.231" errors="0">
  <testcase name="currentUserNameTest" time="5.139" classname="com.Test.LoginPageTest"/>
  <testcase name="loginTest" time="0.905" classname="com.Test.LoginPageTest"/>
  <testcase name="pageTitleTest" time="0.03" classname="com.Test.LoginPageTest"/>
</testsuite> <!-- Test -->
