<?xml version="1.0" encoding="UTF-8"?>
<!-- Generated by org.testng.reporters.JUnitXMLReporter -->
<testsuite hostname="khosruzs-MacBook-Pro.local" ignored="0" name="Test" tests="10" failures="0" timestamp="2022-04-06T19:07:41 EDT" time="126.789" errors="0">
  <testcase name="clickAboutUsTest" time="4.027" classname="com.Test.HomePageTest"/>
  <testcase name="getCurrencyListTest" time="1.082" classname="com.Test.HomePageTest"/>
  <testcase name="pageTitleTest" time="0.02" classname="com.Test.HomePageTest"/>
  <testcase name="currentUserNameTest" time="4.302" classname="com.Test.LoginPageTest"/>
  <testcase name="loginTest" time="1.073" classname="com.Test.LoginPageTest"/>
  <testcase name="pageTitleTest" time="0.068" classname="com.Test.LoginPageTest"/>
  <testcase name="pageTitleTest" time="1.172" classname="com.Test.RegistrationPageTest"/>
  <testcase name="registerNewUserTest" time="3.008" classname="com.Test.RegistrationPageTest"/>
  <testcase name="registerNewUserTest" time="2.932" classname="com.Test.RegistrationPageTest"/>
  <testcase name="registerNewUserTest" time="2.645" classname="com.Test.RegistrationPageTest"/>
</testsuite> <!-- Test -->
